\BOOKMARK [0][-]{section*.2}{List of Tables}{}% 1
\BOOKMARK [0][-]{section*.4}{List of Figures}{}% 2
\BOOKMARK [0][-]{chapter.1}{Introduction}{}% 3
\BOOKMARK [1][-]{section.1.1}{Introduction to Fall}{chapter.1}% 4
\BOOKMARK [1][-]{section.1.2}{Definition of a Fall}{chapter.1}% 5
\BOOKMARK [1][-]{section.1.3}{Cause of a Fall}{chapter.1}% 6
\BOOKMARK [2][-]{subsection.1.3.1}{Intrinsic risk factors}{section.1.3}% 7
\BOOKMARK [2][-]{subsection.1.3.2}{Extrinsic risk factors}{section.1.3}% 8
\BOOKMARK [1][-]{section.1.4}{Consequence of Falls}{chapter.1}% 9
\BOOKMARK [1][-]{section.1.5}{Challenges in Detecting Falls}{chapter.1}% 10
\BOOKMARK [1][-]{section.1.6}{Objectives}{chapter.1}% 11
\BOOKMARK [1][-]{section.1.7}{Thesis Organization}{chapter.1}% 12
\BOOKMARK [0][-]{chapter.2}{Literature Review}{}% 13
\BOOKMARK [1][-]{section.2.1}{Existing Commercial Devices}{chapter.2}% 14
\BOOKMARK [1][-]{section.2.2}{Existing Products from Other Research Groups}{chapter.2}% 15
\BOOKMARK [0][-]{chapter.3}{Statement of Problem and Methodology}{}% 16
\BOOKMARK [1][-]{section.3.1}{Problem}{chapter.3}% 17
\BOOKMARK [1][-]{section.3.2}{Methodology and Algorithm}{chapter.3}% 18
\BOOKMARK [0][-]{chapter.4}{System overview}{}% 19
\BOOKMARK [1][-]{section.4.1}{Hardware Components}{chapter.4}% 20
\BOOKMARK [2][-]{subsection.4.1.1}{Sensor}{section.4.1}% 21
\BOOKMARK [2][-]{subsection.4.1.2}{Microcontroller}{section.4.1}% 22
\BOOKMARK [2][-]{subsection.4.1.3}{Wireless Module}{section.4.1}% 23
\BOOKMARK [1][-]{section.4.2}{Software}{chapter.4}% 24
\BOOKMARK [2][-]{subsection.4.2.1}{Embeddded Software on Sensor Node}{section.4.2}% 25
\BOOKMARK [2][-]{subsection.4.2.2}{Data Acquisition Software}{section.4.2}% 26
\BOOKMARK [2][-]{subsection.4.2.3}{Data Analysis Software}{section.4.2}% 27
\BOOKMARK [1][-]{section.4.3}{System Intergration}{chapter.4}% 28
\BOOKMARK [0][-]{chapter.5}{Experimental and Procedure}{}% 29
\BOOKMARK [1][-]{section.5.1}{Data Collection}{chapter.5}% 30
\BOOKMARK [1][-]{section.5.2}{Data Analysis}{chapter.5}% 31
\BOOKMARK [1][-]{section.5.3}{Experiment on Real Subjects to Evaluate the Performance of The Network}{chapter.5}% 32
\BOOKMARK [0][-]{chapter.6}{Results and Discussion}{}% 33
\BOOKMARK [1][-]{section.6.1}{Results Assessment}{chapter.6}% 34
\BOOKMARK [1][-]{section.6.2}{Comparing the performance with existing works}{chapter.6}% 35
\BOOKMARK [0][-]{chapter.7}{Conclusion and Future Works}{}% 36
\BOOKMARK [1][-]{section.7.1}{Summary}{chapter.7}% 37
\BOOKMARK [1][-]{section.7.2}{Limitations}{chapter.7}% 38
\BOOKMARK [1][-]{section.7.3}{Future works}{chapter.7}% 39
\BOOKMARK [0][-]{section.7.3}{APPENDICES}{}% 40
\BOOKMARK [0][-]{appendix.A}{C/C++ Code for Reading Data from Sensor}{}% 41
\BOOKMARK [0][-]{appendix.B}{Python Code for Data Acquisition Program}{}% 42
\BOOKMARK [0][-]{section*.9}{References}{}% 43
